[26-Oct-2021 09:53:10] NOTICE: fpm is running, pid 1683
[26-Oct-2021 09:53:10] NOTICE: ready to handle connections
[26-Oct-2021 14:36:46] NOTICE: Terminating ...
[26-Oct-2021 14:36:46] NOTICE: Terminating ...
[26-Oct-2021 14:36:46] NOTICE: exiting, bye-bye!
[27-Oct-2021 10:42:15] NOTICE: fpm is running, pid 7663
[27-Oct-2021 10:42:15] NOTICE: ready to handle connections
[27-Oct-2021 10:46:12] NOTICE: Terminating ...
[27-Oct-2021 10:46:12] NOTICE: Terminating ...
[27-Oct-2021 10:46:12] NOTICE: exiting, bye-bye!
[27-Oct-2021 10:46:24] NOTICE: fpm is running, pid 7737
[27-Oct-2021 10:46:24] NOTICE: ready to handle connections
[27-Oct-2021 11:51:08] NOTICE: Terminating ...
[27-Oct-2021 11:51:08] NOTICE: Terminating ...
[27-Oct-2021 11:51:08] NOTICE: exiting, bye-bye!
[27-Oct-2021 13:09:13] NOTICE: fpm is running, pid 10080
[27-Oct-2021 13:09:13] NOTICE: ready to handle connections
[27-Oct-2021 16:56:44] NOTICE: Terminating ...
[27-Oct-2021 16:56:44] NOTICE: Terminating ...
[27-Oct-2021 16:56:44] NOTICE: exiting, bye-bye!
[28-Oct-2021 08:02:36] NOTICE: fpm is running, pid 991
[28-Oct-2021 08:02:36] NOTICE: ready to handle connections
[28-Oct-2021 09:05:02] NOTICE: Terminating ...
[28-Oct-2021 09:05:02] NOTICE: Terminating ...
[28-Oct-2021 09:05:02] NOTICE: exiting, bye-bye!
[28-Oct-2021 15:06:16] NOTICE: fpm is running, pid 5733
[28-Oct-2021 15:06:16] NOTICE: ready to handle connections
[29-Oct-2021 07:57:29] NOTICE: Terminating ...
[29-Oct-2021 07:57:29] NOTICE: Terminating ...
[29-Oct-2021 07:57:29] NOTICE: exiting, bye-bye!
[29-Oct-2021 10:42:24] NOTICE: fpm is running, pid 5882
[29-Oct-2021 10:42:24] NOTICE: ready to handle connections
[29-Oct-2021 12:46:30] NOTICE: Terminating ...
[29-Oct-2021 12:46:30] NOTICE: Terminating ...
[29-Oct-2021 12:46:30] NOTICE: exiting, bye-bye!
[29-Oct-2021 12:55:11] NOTICE: fpm is running, pid 7385
[29-Oct-2021 12:55:11] NOTICE: ready to handle connections
[29-Oct-2021 12:55:29] NOTICE: Terminating ...
[29-Oct-2021 12:55:29] NOTICE: Terminating ...
[29-Oct-2021 12:55:29] NOTICE: exiting, bye-bye!
[29-Oct-2021 16:22:44] NOTICE: fpm is running, pid 8420
[29-Oct-2021 16:22:44] NOTICE: ready to handle connections
[29-Oct-2021 16:39:18] NOTICE: Terminating ...
[29-Oct-2021 16:39:18] NOTICE: Terminating ...
[29-Oct-2021 16:39:18] NOTICE: exiting, bye-bye!
[01-Nov-2021 14:35:24] NOTICE: fpm is running, pid 10847
[01-Nov-2021 14:35:24] NOTICE: ready to handle connections
[01-Nov-2021 16:49:53] NOTICE: Terminating ...
[01-Nov-2021 16:49:53] NOTICE: Terminating ...
[01-Nov-2021 16:49:53] NOTICE: exiting, bye-bye!
[02-Nov-2021 07:00:08] NOTICE: fpm is running, pid 867
[02-Nov-2021 07:00:08] NOTICE: ready to handle connections
[02-Nov-2021 11:00:18] NOTICE: Terminating ...
[02-Nov-2021 11:00:18] NOTICE: Terminating ...
[02-Nov-2021 11:00:18] NOTICE: exiting, bye-bye!
[02-Nov-2021 11:07:33] NOTICE: fpm is running, pid 8038
[02-Nov-2021 11:07:33] NOTICE: ready to handle connections
[02-Nov-2021 12:27:07] NOTICE: Terminating ...
[02-Nov-2021 12:27:07] NOTICE: Terminating ...
[02-Nov-2021 12:27:07] NOTICE: exiting, bye-bye!
[02-Nov-2021 12:54:25] NOTICE: fpm is running, pid 8923
[02-Nov-2021 12:54:25] NOTICE: ready to handle connections
[02-Nov-2021 12:56:43] NOTICE: Terminating ...
[02-Nov-2021 12:56:43] NOTICE: Terminating ...
[02-Nov-2021 12:56:43] NOTICE: exiting, bye-bye!
[03-Nov-2021 10:40:32] NOTICE: fpm is running, pid 1964
[03-Nov-2021 10:40:32] NOTICE: ready to handle connections
[03-Nov-2021 10:40:38] NOTICE: Terminating ...
[03-Nov-2021 10:40:38] NOTICE: Terminating ...
[03-Nov-2021 10:40:38] NOTICE: exiting, bye-bye!
[03-Nov-2021 10:58:47] NOTICE: fpm is running, pid 2789
[03-Nov-2021 10:58:47] NOTICE: ready to handle connections
